Batch size:  32
The number of training instances: 465367
2 GPUs are available. Let's use them.
Start training.
  0%|          | 0/10 [00:00<?, ?it/s]/root/miniconda3/envs/ET-BERT/lib/python3.10/site-packages/torch/nn/parallel/_functions.py:68: UserWarning: Was asked to gather along dimension 0, but all input tensors were scalars; will instead unsqueeze and return a vector.
  warnings.warn('Was asked to gather along dimension 0, but all '
Epoch id: 1, Training steps: 100, Avg loss: 4.829
Epoch id: 1, Training steps: 200, Avg loss: 4.817
Epoch id: 1, Training steps: 300, Avg loss: 4.809
Epoch id: 1, Training steps: 400, Avg loss: 4.788
Epoch id: 1, Training steps: 500, Avg loss: 4.778
Epoch id: 1, Training steps: 600, Avg loss: 4.758
Epoch id: 1, Training steps: 700, Avg loss: 4.735
Epoch id: 1, Training steps: 800, Avg loss: 4.699
Epoch id: 1, Training steps: 900, Avg loss: 4.639
Epoch id: 1, Training steps: 1000, Avg loss: 4.600
Epoch id: 1, Training steps: 1100, Avg loss: 4.559
Epoch id: 1, Training steps: 1200, Avg loss: 4.531
Epoch id: 1, Training steps: 1300, Avg loss: 4.508
Epoch id: 1, Training steps: 1400, Avg loss: 4.450
Epoch id: 1, Training steps: 1500, Avg loss: 4.429
Epoch id: 1, Training steps: 1600, Avg loss: 4.377
Epoch id: 1, Training steps: 1700, Avg loss: 4.350
Epoch id: 1, Training steps: 1800, Avg loss: 4.292
Epoch id: 1, Training steps: 1900, Avg loss: 4.223
Epoch id: 1, Training steps: 2000, Avg loss: 4.177
Epoch id: 1, Training steps: 2100, Avg loss: 4.142
Epoch id: 1, Training steps: 2200, Avg loss: 4.082
Epoch id: 1, Training steps: 2300, Avg loss: 4.017
Epoch id: 1, Training steps: 2400, Avg loss: 3.979
Epoch id: 1, Training steps: 2500, Avg loss: 3.888
Epoch id: 1, Training steps: 2600, Avg loss: 3.879
Epoch id: 1, Training steps: 2700, Avg loss: 3.814
Epoch id: 1, Training steps: 2800, Avg loss: 3.754
Epoch id: 1, Training steps: 2900, Avg loss: 3.709
Epoch id: 1, Training steps: 3000, Avg loss: 3.635
Epoch id: 1, Training steps: 3100, Avg loss: 3.604
Epoch id: 1, Training steps: 3200, Avg loss: 3.518
Epoch id: 1, Training steps: 3300, Avg loss: 3.484
Epoch id: 1, Training steps: 3400, Avg loss: 3.431
Epoch id: 1, Training steps: 3500, Avg loss: 3.402
Epoch id: 1, Training steps: 3600, Avg loss: 3.353
Epoch id: 1, Training steps: 3700, Avg loss: 3.304
Epoch id: 1, Training steps: 3800, Avg loss: 3.244
Epoch id: 1, Training steps: 3900, Avg loss: 3.163
Epoch id: 1, Training steps: 4000, Avg loss: 3.150
Epoch id: 1, Training steps: 4100, Avg loss: 3.076
Epoch id: 1, Training steps: 4200, Avg loss: 3.040
Epoch id: 1, Training steps: 4300, Avg loss: 2.986
Epoch id: 1, Training steps: 4400, Avg loss: 2.934
Epoch id: 1, Training steps: 4500, Avg loss: 2.930
Epoch id: 1, Training steps: 4600, Avg loss: 2.838
Epoch id: 1, Training steps: 4700, Avg loss: 2.798
Epoch id: 1, Training steps: 4800, Avg loss: 2.769
Epoch id: 1, Training steps: 4900, Avg loss: 2.757
Epoch id: 1, Training steps: 5000, Avg loss: 2.749
Epoch id: 1, Training steps: 5100, Avg loss: 2.671
Epoch id: 1, Training steps: 5200, Avg loss: 2.631
Epoch id: 1, Training steps: 5300, Avg loss: 2.630
Epoch id: 1, Training steps: 5400, Avg loss: 2.533
Epoch id: 1, Training steps: 5500, Avg loss: 2.528
Epoch id: 1, Training steps: 5600, Avg loss: 2.530
Epoch id: 1, Training steps: 5700, Avg loss: 2.441
Epoch id: 1, Training steps: 5800, Avg loss: 2.434
Epoch id: 1, Training steps: 5900, Avg loss: 2.421
Epoch id: 1, Training steps: 6000, Avg loss: 2.380
Epoch id: 1, Training steps: 6100, Avg loss: 2.343
Epoch id: 1, Training steps: 6200, Avg loss: 2.310
Epoch id: 1, Training steps: 6300, Avg loss: 2.241
Epoch id: 1, Training steps: 6400, Avg loss: 2.275
Epoch id: 1, Training steps: 6500, Avg loss: 2.189
Epoch id: 1, Training steps: 6600, Avg loss: 2.138
Epoch id: 1, Training steps: 6700, Avg loss: 2.132
Epoch id: 1, Training steps: 6800, Avg loss: 2.181
Epoch id: 1, Training steps: 6900, Avg loss: 2.126
Epoch id: 1, Training steps: 7000, Avg loss: 2.062
Epoch id: 1, Training steps: 7100, Avg loss: 2.073
Epoch id: 1, Training steps: 7200, Avg loss: 2.033
Epoch id: 1, Training steps: 7300, Avg loss: 1.960
Epoch id: 1, Training steps: 7400, Avg loss: 1.995
Epoch id: 1, Training steps: 7500, Avg loss: 1.983
Epoch id: 1, Training steps: 7600, Avg loss: 1.923
Epoch id: 1, Training steps: 7700, Avg loss: 1.914
Epoch id: 1, Training steps: 7800, Avg loss: 1.877
Epoch id: 1, Training steps: 7900, Avg loss: 1.814
Epoch id: 1, Training steps: 8000, Avg loss: 1.830
Epoch id: 1, Training steps: 8100, Avg loss: 1.840
Epoch id: 1, Training steps: 8200, Avg loss: 1.782
Epoch id: 1, Training steps: 8300, Avg loss: 1.771
Epoch id: 1, Training steps: 8400, Avg loss: 1.774
Epoch id: 1, Training steps: 8500, Avg loss: 1.764
Epoch id: 1, Training steps: 8600, Avg loss: 1.726
Epoch id: 1, Training steps: 8700, Avg loss: 1.678
Epoch id: 1, Training steps: 8800, Avg loss: 1.685
Epoch id: 1, Training steps: 8900, Avg loss: 1.688
Epoch id: 1, Training steps: 9000, Avg loss: 1.653
Epoch id: 1, Training steps: 9100, Avg loss: 1.663
Epoch id: 1, Training steps: 9200, Avg loss: 1.627
Epoch id: 1, Training steps: 9300, Avg loss: 1.603
Epoch id: 1, Training steps: 9400, Avg loss: 1.562
Epoch id: 1, Training steps: 9500, Avg loss: 1.550
Epoch id: 1, Training steps: 9600, Avg loss: 1.572
Epoch id: 1, Training steps: 9700, Avg loss: 1.530
Epoch id: 1, Training steps: 9800, Avg loss: 1.528
Epoch id: 1, Training steps: 9900, Avg loss: 1.520
Epoch id: 1, Training steps: 10000, Avg loss: 1.539
Epoch id: 1, Training steps: 10100, Avg loss: 1.480
Epoch id: 1, Training steps: 10200, Avg loss: 1.442
Epoch id: 1, Training steps: 10300, Avg loss: 1.442
Epoch id: 1, Training steps: 10400, Avg loss: 1.517
Epoch id: 1, Training steps: 10500, Avg loss: 1.406
Epoch id: 1, Training steps: 10600, Avg loss: 1.455
Epoch id: 1, Training steps: 10700, Avg loss: 1.356
Epoch id: 1, Training steps: 10800, Avg loss: 1.376
Epoch id: 1, Training steps: 10900, Avg loss: 1.409
Epoch id: 1, Training steps: 11000, Avg loss: 1.377
Epoch id: 1, Training steps: 11100, Avg loss: 1.379
Epoch id: 1, Training steps: 11200, Avg loss: 1.369
Epoch id: 1, Training steps: 11300, Avg loss: 1.330
Epoch id: 1, Training steps: 11400, Avg loss: 1.298
Epoch id: 1, Training steps: 11500, Avg loss: 1.283
Epoch id: 1, Training steps: 11600, Avg loss: 1.332
Epoch id: 1, Training steps: 11700, Avg loss: 1.279
Epoch id: 1, Training steps: 11800, Avg loss: 1.283
Epoch id: 1, Training steps: 11900, Avg loss: 1.271
Epoch id: 1, Training steps: 12000, Avg loss: 1.251
Epoch id: 1, Training steps: 12100, Avg loss: 1.255
Epoch id: 1, Training steps: 12200, Avg loss: 1.320
Epoch id: 1, Training steps: 12300, Avg loss: 1.312
Epoch id: 1, Training steps: 12400, Avg loss: 1.196
Epoch id: 1, Training steps: 12500, Avg loss: 1.258
Epoch id: 1, Training steps: 12600, Avg loss: 1.251
Epoch id: 1, Training steps: 12700, Avg loss: 1.237
Epoch id: 1, Training steps: 12800, Avg loss: 1.203
Epoch id: 1, Training steps: 12900, Avg loss: 1.175
Epoch id: 1, Training steps: 13000, Avg loss: 1.152
Epoch id: 1, Training steps: 13100, Avg loss: 1.181
Epoch id: 1, Training steps: 13200, Avg loss: 1.142
Epoch id: 1, Training steps: 13300, Avg loss: 1.124
Epoch id: 1, Training steps: 13400, Avg loss: 1.176
Epoch id: 1, Training steps: 13500, Avg loss: 1.154
Epoch id: 1, Training steps: 13600, Avg loss: 1.155
Epoch id: 1, Training steps: 13700, Avg loss: 1.126
Epoch id: 1, Training steps: 13800, Avg loss: 1.131
Epoch id: 1, Training steps: 13900, Avg loss: 1.081
Epoch id: 1, Training steps: 14000, Avg loss: 1.081
Epoch id: 1, Training steps: 14100, Avg loss: 1.104
Epoch id: 1, Training steps: 14200, Avg loss: 1.089
Epoch id: 1, Training steps: 14300, Avg loss: 1.111
Epoch id: 1, Training steps: 14400, Avg loss: 1.084
Epoch id: 1, Training steps: 14500, Avg loss: 1.068
Acc. (Correct/Total): 0.7577 (44074/58171) 
 10%|█         | 1/10 [1:37:09<14:34:24, 5829.37s/it]Epoch id: 2, Training steps: 100, Avg loss: 1.525
Epoch id: 2, Training steps: 200, Avg loss: 1.021
Epoch id: 2, Training steps: 300, Avg loss: 1.047
Epoch id: 2, Training steps: 400, Avg loss: 1.014
Epoch id: 2, Training steps: 500, Avg loss: 1.036
Epoch id: 2, Training steps: 600, Avg loss: 1.041
Epoch id: 2, Training steps: 700, Avg loss: 1.032
Epoch id: 2, Training steps: 800, Avg loss: 0.981
Epoch id: 2, Training steps: 900, Avg loss: 1.052
Epoch id: 2, Training steps: 1000, Avg loss: 1.042
Epoch id: 2, Training steps: 1100, Avg loss: 0.955
Epoch id: 2, Training steps: 1200, Avg loss: 0.954
Epoch id: 2, Training steps: 1300, Avg loss: 0.959
Epoch id: 2, Training steps: 1400, Avg loss: 0.935
Epoch id: 2, Training steps: 1500, Avg loss: 0.921
Epoch id: 2, Training steps: 1600, Avg loss: 0.913
Epoch id: 2, Training steps: 1700, Avg loss: 0.940
Epoch id: 2, Training steps: 1800, Avg loss: 0.939
Epoch id: 2, Training steps: 1900, Avg loss: 0.959
Epoch id: 2, Training steps: 2000, Avg loss: 0.925
Epoch id: 2, Training steps: 2100, Avg loss: 0.912
Epoch id: 2, Training steps: 2200, Avg loss: 0.921
Epoch id: 2, Training steps: 2300, Avg loss: 0.897
Epoch id: 2, Training steps: 2400, Avg loss: 0.991
Epoch id: 2, Training steps: 2500, Avg loss: 0.855
Epoch id: 2, Training steps: 2600, Avg loss: 0.906
Epoch id: 2, Training steps: 2700, Avg loss: 0.930
Epoch id: 2, Training steps: 2800, Avg loss: 0.865
Epoch id: 2, Training steps: 2900, Avg loss: 0.876
Epoch id: 2, Training steps: 3000, Avg loss: 0.880
Epoch id: 2, Training steps: 3100, Avg loss: 0.844
Epoch id: 2, Training steps: 3200, Avg loss: 0.844
Epoch id: 2, Training steps: 3300, Avg loss: 0.852
Epoch id: 2, Training steps: 3400, Avg loss: 0.830
Epoch id: 2, Training steps: 3500, Avg loss: 0.828
Epoch id: 2, Training steps: 3600, Avg loss: 0.883
Epoch id: 2, Training steps: 3700, Avg loss: 0.842
Epoch id: 2, Training steps: 3800, Avg loss: 0.854
Epoch id: 2, Training steps: 3900, Avg loss: 0.811
Epoch id: 2, Training steps: 4000, Avg loss: 0.824
Epoch id: 2, Training steps: 4100, Avg loss: 0.819
Epoch id: 2, Training steps: 4200, Avg loss: 0.839
Epoch id: 2, Training steps: 4300, Avg loss: 0.771
Epoch id: 2, Training steps: 4400, Avg loss: 0.789
Epoch id: 2, Training steps: 4500, Avg loss: 0.823
Epoch id: 2, Training steps: 4600, Avg loss: 0.754
Epoch id: 2, Training steps: 4700, Avg loss: 0.772
Epoch id: 2, Training steps: 4800, Avg loss: 0.773
Epoch id: 2, Training steps: 4900, Avg loss: 0.772
Epoch id: 2, Training steps: 5000, Avg loss: 0.795
Epoch id: 2, Training steps: 5100, Avg loss: 0.783
Epoch id: 2, Training steps: 5200, Avg loss: 0.782
Epoch id: 2, Training steps: 5300, Avg loss: 0.778
Epoch id: 2, Training steps: 5400, Avg loss: 0.744
Epoch id: 2, Training steps: 5500, Avg loss: 0.719
Epoch id: 2, Training steps: 5600, Avg loss: 0.793
Epoch id: 2, Training steps: 5700, Avg loss: 0.747
Epoch id: 2, Training steps: 5800, Avg loss: 0.762
Epoch id: 2, Training steps: 5900, Avg loss: 0.746
Epoch id: 2, Training steps: 6000, Avg loss: 0.738
Epoch id: 2, Training steps: 6100, Avg loss: 0.766
Epoch id: 2, Training steps: 6200, Avg loss: 0.733
Epoch id: 2, Training steps: 6300, Avg loss: 0.722
Epoch id: 2, Training steps: 6400, Avg loss: 0.724
Epoch id: 2, Training steps: 6500, Avg loss: 0.689
Epoch id: 2, Training steps: 6600, Avg loss: 0.666
Epoch id: 2, Training steps: 6700, Avg loss: 0.684
Epoch id: 2, Training steps: 6800, Avg loss: 0.731
Epoch id: 2, Training steps: 6900, Avg loss: 0.732
Epoch id: 2, Training steps: 7000, Avg loss: 0.726
Epoch id: 2, Training steps: 7100, Avg loss: 0.699
Epoch id: 2, Training steps: 7200, Avg loss: 0.703
Epoch id: 2, Training steps: 7300, Avg loss: 0.673
Epoch id: 2, Training steps: 7400, Avg loss: 0.726
Epoch id: 2, Training steps: 7500, Avg loss: 0.667
Epoch id: 2, Training steps: 7600, Avg loss: 0.690
Epoch id: 2, Training steps: 7700, Avg loss: 0.660
Epoch id: 2, Training steps: 7800, Avg loss: 0.679
Epoch id: 2, Training steps: 7900, Avg loss: 0.613
Epoch id: 2, Training steps: 8000, Avg loss: 0.683
Epoch id: 2, Training steps: 8100, Avg loss: 0.680
Epoch id: 2, Training steps: 8200, Avg loss: 0.645
Epoch id: 2, Training steps: 8300, Avg loss: 0.666
Epoch id: 2, Training steps: 8400, Avg loss: 0.652
Epoch id: 2, Training steps: 8500, Avg loss: 0.606
Epoch id: 2, Training steps: 8600, Avg loss: 0.651
Epoch id: 2, Training steps: 8700, Avg loss: 0.655
Epoch id: 2, Training steps: 8800, Avg loss: 0.638
Epoch id: 2, Training steps: 8900, Avg loss: 0.652
Epoch id: 2, Training steps: 9000, Avg loss: 0.633
Epoch id: 2, Training steps: 9100, Avg loss: 0.653
Epoch id: 2, Training steps: 9200, Avg loss: 0.626
Epoch id: 2, Training steps: 9300, Avg loss: 0.617
Epoch id: 2, Training steps: 9400, Avg loss: 0.595
Epoch id: 2, Training steps: 9500, Avg loss: 0.595
Epoch id: 2, Training steps: 9600, Avg loss: 0.615
Epoch id: 2, Training steps: 9700, Avg loss: 0.597
Epoch id: 2, Training steps: 9800, Avg loss: 0.583
Epoch id: 2, Training steps: 9900, Avg loss: 0.577
Epoch id: 2, Training steps: 10000, Avg loss: 0.624
Epoch id: 2, Training steps: 10100, Avg loss: 0.578
Epoch id: 2, Training steps: 10200, Avg loss: 0.536
Epoch id: 2, Training steps: 10300, Avg loss: 0.547
Epoch id: 2, Training steps: 10400, Avg loss: 0.622
Epoch id: 2, Training steps: 10500, Avg loss: 0.564
Epoch id: 2, Training steps: 10600, Avg loss: 0.590
Epoch id: 2, Training steps: 10700, Avg loss: 0.564
Epoch id: 2, Training steps: 10800, Avg loss: 0.530
Epoch id: 2, Training steps: 10900, Avg loss: 0.567
Epoch id: 2, Training steps: 11000, Avg loss: 0.587
Epoch id: 2, Training steps: 11100, Avg loss: 0.544
Epoch id: 2, Training steps: 11200, Avg loss: 0.588
Epoch id: 2, Training steps: 11300, Avg loss: 0.543
Epoch id: 2, Training steps: 11400, Avg loss: 0.529
Epoch id: 2, Training steps: 11500, Avg loss: 0.519
Epoch id: 2, Training steps: 11600, Avg loss: 0.562
Epoch id: 2, Training steps: 11700, Avg loss: 0.531
Epoch id: 2, Training steps: 11800, Avg loss: 0.516
Epoch id: 2, Training steps: 11900, Avg loss: 0.544
Epoch id: 2, Training steps: 12000, Avg loss: 0.502
Epoch id: 2, Training steps: 12100, Avg loss: 0.532
Epoch id: 2, Training steps: 12200, Avg loss: 0.552
Epoch id: 2, Training steps: 12300, Avg loss: 0.556
Epoch id: 2, Training steps: 12400, Avg loss: 0.514
Epoch id: 2, Training steps: 12500, Avg loss: 0.537
Epoch id: 2, Training steps: 12600, Avg loss: 0.526
Epoch id: 2, Training steps: 12700, Avg loss: 0.537
Epoch id: 2, Training steps: 12800, Avg loss: 0.512
Epoch id: 2, Training steps: 12900, Avg loss: 0.509
Epoch id: 2, Training steps: 13000, Avg loss: 0.490
Epoch id: 2, Training steps: 13100, Avg loss: 0.516
Epoch id: 2, Training steps: 13200, Avg loss: 0.455
Epoch id: 2, Training steps: 13300, Avg loss: 0.459
Epoch id: 2, Training steps: 13400, Avg loss: 0.484
Epoch id: 2, Training steps: 13500, Avg loss: 0.499
Epoch id: 2, Training steps: 13600, Avg loss: 0.507
Epoch id: 2, Training steps: 13700, Avg loss: 0.459
Epoch id: 2, Training steps: 13800, Avg loss: 0.486
Epoch id: 2, Training steps: 13900, Avg loss: 0.465
Epoch id: 2, Training steps: 14000, Avg loss: 0.446
Epoch id: 2, Training steps: 14100, Avg loss: 0.493
Epoch id: 2, Training steps: 14200, Avg loss: 0.448
Epoch id: 2, Training steps: 14300, Avg loss: 0.490
Epoch id: 2, Training steps: 14400, Avg loss: 0.485
Epoch id: 2, Training steps: 14500, Avg loss: 0.472
Acc. (Correct/Total): 0.8846 (51460/58171) 
 20%|██        | 2/10 [3:14:17<12:57:10, 5828.78s/it]Epoch id: 3, Training steps: 100, Avg loss: 0.665
Epoch id: 3, Training steps: 200, Avg loss: 0.433
Epoch id: 3, Training steps: 300, Avg loss: 0.461
Epoch id: 3, Training steps: 400, Avg loss: 0.443
Epoch id: 3, Training steps: 500, Avg loss: 0.488
Epoch id: 3, Training steps: 600, Avg loss: 0.445
Epoch id: 3, Training steps: 700, Avg loss: 0.447
Epoch id: 3, Training steps: 800, Avg loss: 0.430
Epoch id: 3, Training steps: 900, Avg loss: 0.478
Epoch id: 3, Training steps: 1000, Avg loss: 0.452
Epoch id: 3, Training steps: 1100, Avg loss: 0.392
Epoch id: 3, Training steps: 1200, Avg loss: 0.422
Epoch id: 3, Training steps: 1300, Avg loss: 0.434
Epoch id: 3, Training steps: 1400, Avg loss: 0.412
Epoch id: 3, Training steps: 1500, Avg loss: 0.413
Epoch id: 3, Training steps: 1600, Avg loss: 0.400
Epoch id: 3, Training steps: 1700, Avg loss: 0.412
Epoch id: 3, Training steps: 1800, Avg loss: 0.410
Epoch id: 3, Training steps: 1900, Avg loss: 0.430
Epoch id: 3, Training steps: 2000, Avg loss: 0.410
Epoch id: 3, Training steps: 2100, Avg loss: 0.419
Epoch id: 3, Training steps: 2200, Avg loss: 0.395
Epoch id: 3, Training steps: 2300, Avg loss: 0.426
Epoch id: 3, Training steps: 2400, Avg loss: 0.442
Epoch id: 3, Training steps: 2500, Avg loss: 0.391
Epoch id: 3, Training steps: 2600, Avg loss: 0.425
Epoch id: 3, Training steps: 2700, Avg loss: 0.422
Epoch id: 3, Training steps: 2800, Avg loss: 0.404
Epoch id: 3, Training steps: 2900, Avg loss: 0.384
Epoch id: 3, Training steps: 3000, Avg loss: 0.416
Epoch id: 3, Training steps: 3100, Avg loss: 0.396
Epoch id: 3, Training steps: 3200, Avg loss: 0.382
Epoch id: 3, Training steps: 3300, Avg loss: 0.388
Epoch id: 3, Training steps: 3400, Avg loss: 0.370
Epoch id: 3, Training steps: 3500, Avg loss: 0.377
Epoch id: 3, Training steps: 3600, Avg loss: 0.389
Epoch id: 3, Training steps: 3700, Avg loss: 0.368
Epoch id: 3, Training steps: 3800, Avg loss: 0.420
Epoch id: 3, Training steps: 3900, Avg loss: 0.355
Epoch id: 3, Training steps: 4000, Avg loss: 0.390
Epoch id: 3, Training steps: 4100, Avg loss: 0.395
Epoch id: 3, Training steps: 4200, Avg loss: 0.370
Epoch id: 3, Training steps: 4300, Avg loss: 0.351
Epoch id: 3, Training steps: 4400, Avg loss: 0.343
Epoch id: 3, Training steps: 4500, Avg loss: 0.375
Epoch id: 3, Training steps: 4600, Avg loss: 0.350
Epoch id: 3, Training steps: 4700, Avg loss: 0.346
Epoch id: 3, Training steps: 4800, Avg loss: 0.362
Epoch id: 3, Training steps: 4900, Avg loss: 0.361
Epoch id: 3, Training steps: 5000, Avg loss: 0.368
Epoch id: 3, Training steps: 5100, Avg loss: 0.369
Epoch id: 3, Training steps: 5200, Avg loss: 0.353
Epoch id: 3, Training steps: 5300, Avg loss: 0.356
Epoch id: 3, Training steps: 5400, Avg loss: 0.323
Epoch id: 3, Training steps: 5500, Avg loss: 0.320
Epoch id: 3, Training steps: 5600, Avg loss: 0.353
Epoch id: 3, Training steps: 5700, Avg loss: 0.346
Epoch id: 3, Training steps: 5800, Avg loss: 0.355
Epoch id: 3, Training steps: 5900, Avg loss: 0.334
Epoch id: 3, Training steps: 6000, Avg loss: 0.353
Epoch id: 3, Training steps: 6100, Avg loss: 0.355
Epoch id: 3, Training steps: 6200, Avg loss: 0.351
Epoch id: 3, Training steps: 6300, Avg loss: 0.326
Epoch id: 3, Training steps: 6400, Avg loss: 0.333
Epoch id: 3, Training steps: 6500, Avg loss: 0.315
Epoch id: 3, Training steps: 6600, Avg loss: 0.300
Epoch id: 3, Training steps: 6700, Avg loss: 0.312
Epoch id: 3, Training steps: 6800, Avg loss: 0.363
Epoch id: 3, Training steps: 6900, Avg loss: 0.374
Epoch id: 3, Training steps: 7000, Avg loss: 0.331
Epoch id: 3, Training steps: 7100, Avg loss: 0.323
Epoch id: 3, Training steps: 7200, Avg loss: 0.347
Epoch id: 3, Training steps: 7300, Avg loss: 0.312
Epoch id: 3, Training steps: 7400, Avg loss: 0.361
Epoch id: 3, Training steps: 7500, Avg loss: 0.316
Epoch id: 3, Training steps: 7600, Avg loss: 0.338
Epoch id: 3, Training steps: 7700, Avg loss: 0.302
Epoch id: 3, Training steps: 7800, Avg loss: 0.306
Epoch id: 3, Training steps: 7900, Avg loss: 0.279
Epoch id: 3, Training steps: 8000, Avg loss: 0.330
Epoch id: 3, Training steps: 8100, Avg loss: 0.322
Epoch id: 3, Training steps: 8200, Avg loss: 0.303
Epoch id: 3, Training steps: 8300, Avg loss: 0.331
Epoch id: 3, Training steps: 8400, Avg loss: 0.310
Epoch id: 3, Training steps: 8500, Avg loss: 0.284
Epoch id: 3, Training steps: 8600, Avg loss: 0.302
Epoch id: 3, Training steps: 8700, Avg loss: 0.306
Epoch id: 3, Training steps: 8800, Avg loss: 0.313
Epoch id: 3, Training steps: 8900, Avg loss: 0.322
Epoch id: 3, Training steps: 9000, Avg loss: 0.298
Epoch id: 3, Training steps: 9100, Avg loss: 0.317
Epoch id: 3, Training steps: 9200, Avg loss: 0.292
Epoch id: 3, Training steps: 9300, Avg loss: 0.303
Epoch id: 3, Training steps: 9400, Avg loss: 0.283
Epoch id: 3, Training steps: 9500, Avg loss: 0.276
Epoch id: 3, Training steps: 9600, Avg loss: 0.305
Epoch id: 3, Training steps: 9700, Avg loss: 0.281
Epoch id: 3, Training steps: 9800, Avg loss: 0.266
Epoch id: 3, Training steps: 9900, Avg loss: 0.271
Epoch id: 3, Training steps: 10000, Avg loss: 0.298
Epoch id: 3, Training steps: 10100, Avg loss: 0.260
Epoch id: 3, Training steps: 10200, Avg loss: 0.244
Epoch id: 3, Training steps: 10300, Avg loss: 0.248
Epoch id: 3, Training steps: 10400, Avg loss: 0.288
Epoch id: 3, Training steps: 10500, Avg loss: 0.267
Epoch id: 3, Training steps: 10600, Avg loss: 0.302
Epoch id: 3, Training steps: 10700, Avg loss: 0.273
Epoch id: 3, Training steps: 10800, Avg loss: 0.241
Epoch id: 3, Training steps: 10900, Avg loss: 0.265
Epoch id: 3, Training steps: 11000, Avg loss: 0.293
Epoch id: 3, Training steps: 11100, Avg loss: 0.252
Epoch id: 3, Training steps: 11200, Avg loss: 0.294
Epoch id: 3, Training steps: 11300, Avg loss: 0.251
Epoch id: 3, Training steps: 11400, Avg loss: 0.255
Epoch id: 3, Training steps: 11500, Avg loss: 0.253
Epoch id: 3, Training steps: 11600, Avg loss: 0.273
Epoch id: 3, Training steps: 11700, Avg loss: 0.245
Epoch id: 3, Training steps: 11800, Avg loss: 0.225
Epoch id: 3, Training steps: 11900, Avg loss: 0.240
Epoch id: 3, Training steps: 12000, Avg loss: 0.233
Epoch id: 3, Training steps: 12100, Avg loss: 0.262
Epoch id: 3, Training steps: 12200, Avg loss: 0.271
Epoch id: 3, Training steps: 12300, Avg loss: 0.281
Epoch id: 3, Training steps: 12400, Avg loss: 0.240
Epoch id: 3, Training steps: 12500, Avg loss: 0.284
Epoch id: 3, Training steps: 12600, Avg loss: 0.251
Epoch id: 3, Training steps: 12700, Avg loss: 0.258
Epoch id: 3, Training steps: 12800, Avg loss: 0.239
Epoch id: 3, Training steps: 12900, Avg loss: 0.233
Epoch id: 3, Training steps: 13000, Avg loss: 0.226
Epoch id: 3, Training steps: 13100, Avg loss: 0.234
Epoch id: 3, Training steps: 13200, Avg loss: 0.225
Epoch id: 3, Training steps: 13300, Avg loss: 0.227
Epoch id: 3, Training steps: 13400, Avg loss: 0.225
Epoch id: 3, Training steps: 13500, Avg loss: 0.246
Epoch id: 3, Training steps: 13600, Avg loss: 0.257
Epoch id: 3, Training steps: 13700, Avg loss: 0.213
Epoch id: 3, Training steps: 13800, Avg loss: 0.234
Epoch id: 3, Training steps: 13900, Avg loss: 0.227
Epoch id: 3, Training steps: 14000, Avg loss: 0.214
Epoch id: 3, Training steps: 14100, Avg loss: 0.228
Epoch id: 3, Training steps: 14200, Avg loss: 0.212
Epoch id: 3, Training steps: 14300, Avg loss: 0.234
Epoch id: 3, Training steps: 14400, Avg loss: 0.226
Epoch id: 3, Training steps: 14500, Avg loss: 0.223
Acc. (Correct/Total): 0.9264 (53887/58171) 
 30%|███       | 3/10 [4:51:25<11:19:59, 5828.46s/it]Epoch id: 4, Training steps: 100, Avg loss: 0.325
Epoch id: 4, Training steps: 200, Avg loss: 0.214
Epoch id: 4, Training steps: 300, Avg loss: 0.241
Epoch id: 4, Training steps: 400, Avg loss: 0.204
Epoch id: 4, Training steps: 500, Avg loss: 0.239
Epoch id: 4, Training steps: 600, Avg loss: 0.209
Epoch id: 4, Training steps: 700, Avg loss: 0.212
Epoch id: 4, Training steps: 800, Avg loss: 0.212
Epoch id: 4, Training steps: 900, Avg loss: 0.217
Epoch id: 4, Training steps: 1000, Avg loss: 0.231
Epoch id: 4, Training steps: 1100, Avg loss: 0.189
Epoch id: 4, Training steps: 1200, Avg loss: 0.203
Epoch id: 4, Training steps: 1300, Avg loss: 0.203
Epoch id: 4, Training steps: 1400, Avg loss: 0.203
Epoch id: 4, Training steps: 1500, Avg loss: 0.213
Epoch id: 4, Training steps: 1600, Avg loss: 0.200
Epoch id: 4, Training steps: 1700, Avg loss: 0.200
Epoch id: 4, Training steps: 1800, Avg loss: 0.194
Epoch id: 4, Training steps: 1900, Avg loss: 0.202
Epoch id: 4, Training steps: 2000, Avg loss: 0.196
Epoch id: 4, Training steps: 2100, Avg loss: 0.209
Epoch id: 4, Training steps: 2200, Avg loss: 0.176
Epoch id: 4, Training steps: 2300, Avg loss: 0.192
Epoch id: 4, Training steps: 2400, Avg loss: 0.219
Epoch id: 4, Training steps: 2500, Avg loss: 0.183
Epoch id: 4, Training steps: 2600, Avg loss: 0.197
Epoch id: 4, Training steps: 2700, Avg loss: 0.197
Epoch id: 4, Training steps: 2800, Avg loss: 0.193
Epoch id: 4, Training steps: 2900, Avg loss: 0.192
Epoch id: 4, Training steps: 3000, Avg loss: 0.212
Epoch id: 4, Training steps: 3100, Avg loss: 0.193
Epoch id: 4, Training steps: 3200, Avg loss: 0.186
Epoch id: 4, Training steps: 3300, Avg loss: 0.178
Epoch id: 4, Training steps: 3400, Avg loss: 0.182
Epoch id: 4, Training steps: 3500, Avg loss: 0.190
Epoch id: 4, Training steps: 3600, Avg loss: 0.179
Epoch id: 4, Training steps: 3700, Avg loss: 0.172
Epoch id: 4, Training steps: 3800, Avg loss: 0.200
Epoch id: 4, Training steps: 3900, Avg loss: 0.175
Epoch id: 4, Training steps: 4000, Avg loss: 0.181
Epoch id: 4, Training steps: 4100, Avg loss: 0.185
Epoch id: 4, Training steps: 4200, Avg loss: 0.190
Epoch id: 4, Training steps: 4300, Avg loss: 0.169
Epoch id: 4, Training steps: 4400, Avg loss: 0.161
Epoch id: 4, Training steps: 4500, Avg loss: 0.184
Epoch id: 4, Training steps: 4600, Avg loss: 0.173
Epoch id: 4, Training steps: 4700, Avg loss: 0.159
Epoch id: 4, Training steps: 4800, Avg loss: 0.169
Epoch id: 4, Training steps: 4900, Avg loss: 0.177
Epoch id: 4, Training steps: 5000, Avg loss: 0.184
Epoch id: 4, Training steps: 5100, Avg loss: 0.175
Epoch id: 4, Training steps: 5200, Avg loss: 0.167
Epoch id: 4, Training steps: 5300, Avg loss: 0.166
Epoch id: 4, Training steps: 5400, Avg loss: 0.159
Epoch id: 4, Training steps: 5500, Avg loss: 0.155
Epoch id: 4, Training steps: 5600, Avg loss: 0.167
Epoch id: 4, Training steps: 5700, Avg loss: 0.183
Epoch id: 4, Training steps: 5800, Avg loss: 0.178
Epoch id: 4, Training steps: 5900, Avg loss: 0.151
Epoch id: 4, Training steps: 6000, Avg loss: 0.164
Epoch id: 4, Training steps: 6100, Avg loss: 0.167
Epoch id: 4, Training steps: 6200, Avg loss: 0.170
Epoch id: 4, Training steps: 6300, Avg loss: 0.159
Epoch id: 4, Training steps: 6400, Avg loss: 0.156
Epoch id: 4, Training steps: 6500, Avg loss: 0.162
Epoch id: 4, Training steps: 6600, Avg loss: 0.147
Epoch id: 4, Training steps: 6700, Avg loss: 0.144
Epoch id: 4, Training steps: 6800, Avg loss: 0.171
Epoch id: 4, Training steps: 6900, Avg loss: 0.180
Epoch id: 4, Training steps: 7000, Avg loss: 0.163
Epoch id: 4, Training steps: 7100, Avg loss: 0.166
Epoch id: 4, Training steps: 7200, Avg loss: 0.171
Epoch id: 4, Training steps: 7300, Avg loss: 0.164
Epoch id: 4, Training steps: 7400, Avg loss: 0.178
Epoch id: 4, Training steps: 7500, Avg loss: 0.152
Epoch id: 4, Training steps: 7600, Avg loss: 0.162
Epoch id: 4, Training steps: 7700, Avg loss: 0.153
Epoch id: 4, Training steps: 7800, Avg loss: 0.160
Epoch id: 4, Training steps: 7900, Avg loss: 0.144
Epoch id: 4, Training steps: 8000, Avg loss: 0.165
Epoch id: 4, Training steps: 8100, Avg loss: 0.163
Epoch id: 4, Training steps: 8200, Avg loss: 0.137
Epoch id: 4, Training steps: 8300, Avg loss: 0.159
Epoch id: 4, Training steps: 8400, Avg loss: 0.143
Epoch id: 4, Training steps: 8500, Avg loss: 0.132
Epoch id: 4, Training steps: 8600, Avg loss: 0.136
Epoch id: 4, Training steps: 8700, Avg loss: 0.141
Epoch id: 4, Training steps: 8800, Avg loss: 0.151
Epoch id: 4, Training steps: 8900, Avg loss: 0.151
Epoch id: 4, Training steps: 9000, Avg loss: 0.143
Epoch id: 4, Training steps: 9100, Avg loss: 0.163
Epoch id: 4, Training steps: 9200, Avg loss: 0.136
Epoch id: 4, Training steps: 9300, Avg loss: 0.152
Epoch id: 4, Training steps: 9400, Avg loss: 0.141
Epoch id: 4, Training steps: 9500, Avg loss: 0.135
Epoch id: 4, Training steps: 9600, Avg loss: 0.155
Epoch id: 4, Training steps: 9700, Avg loss: 0.131
Epoch id: 4, Training steps: 9800, Avg loss: 0.128
Epoch id: 4, Training steps: 9900, Avg loss: 0.123
Epoch id: 4, Training steps: 10000, Avg loss: 0.147
Epoch id: 4, Training steps: 10100, Avg loss: 0.128
Epoch id: 4, Training steps: 10200, Avg loss: 0.110
Epoch id: 4, Training steps: 10300, Avg loss: 0.119
Epoch id: 4, Training steps: 10400, Avg loss: 0.136
Epoch id: 4, Training steps: 10500, Avg loss: 0.123
Epoch id: 4, Training steps: 10600, Avg loss: 0.141
Epoch id: 4, Training steps: 10700, Avg loss: 0.131
Epoch id: 4, Training steps: 10800, Avg loss: 0.110
Epoch id: 4, Training steps: 10900, Avg loss: 0.128
Epoch id: 4, Training steps: 11000, Avg loss: 0.143
Epoch id: 4, Training steps: 11100, Avg loss: 0.124
Epoch id: 4, Training steps: 11200, Avg loss: 0.150
Epoch id: 4, Training steps: 11300, Avg loss: 0.122
Epoch id: 4, Training steps: 11400, Avg loss: 0.121
Epoch id: 4, Training steps: 11500, Avg loss: 0.133
Epoch id: 4, Training steps: 11600, Avg loss: 0.127
Epoch id: 4, Training steps: 11700, Avg loss: 0.126
Epoch id: 4, Training steps: 11800, Avg loss: 0.107
Epoch id: 4, Training steps: 11900, Avg loss: 0.125
Epoch id: 4, Training steps: 12000, Avg loss: 0.122
Epoch id: 4, Training steps: 12100, Avg loss: 0.145
Epoch id: 4, Training steps: 12200, Avg loss: 0.144
Epoch id: 4, Training steps: 12300, Avg loss: 0.147
Epoch id: 4, Training steps: 12400, Avg loss: 0.121
Epoch id: 4, Training steps: 12500, Avg loss: 0.160
Epoch id: 4, Training steps: 12600, Avg loss: 0.118
Epoch id: 4, Training steps: 12700, Avg loss: 0.123
Epoch id: 4, Training steps: 12800, Avg loss: 0.116
Epoch id: 4, Training steps: 12900, Avg loss: 0.112
Epoch id: 4, Training steps: 13000, Avg loss: 0.113
Epoch id: 4, Training steps: 13100, Avg loss: 0.113
Epoch id: 4, Training steps: 13200, Avg loss: 0.102
Epoch id: 4, Training steps: 13300, Avg loss: 0.112
Epoch id: 4, Training steps: 13400, Avg loss: 0.096
Epoch id: 4, Training steps: 13500, Avg loss: 0.108
Epoch id: 4, Training steps: 13600, Avg loss: 0.123
Epoch id: 4, Training steps: 13700, Avg loss: 0.104
Epoch id: 4, Training steps: 13800, Avg loss: 0.123
Epoch id: 4, Training steps: 13900, Avg loss: 0.120
Epoch id: 4, Training steps: 14000, Avg loss: 0.101
Epoch id: 4, Training steps: 14100, Avg loss: 0.102
Epoch id: 4, Training steps: 14200, Avg loss: 0.103
Epoch id: 4, Training steps: 14300, Avg loss: 0.108
Epoch id: 4, Training steps: 14400, Avg loss: 0.111
Epoch id: 4, Training steps: 14500, Avg loss: 0.098
Acc. (Correct/Total): 0.9453 (54987/58171) 
 40%|████      | 4/10 [6:28:33<9:42:49, 5828.30s/it] Epoch id: 5, Training steps: 100, Avg loss: 0.157
Epoch id: 5, Training steps: 200, Avg loss: 0.103
Epoch id: 5, Training steps: 300, Avg loss: 0.120
Epoch id: 5, Training steps: 400, Avg loss: 0.098
Epoch id: 5, Training steps: 500, Avg loss: 0.111
Epoch id: 5, Training steps: 600, Avg loss: 0.093
Epoch id: 5, Training steps: 700, Avg loss: 0.116
Epoch id: 5, Training steps: 800, Avg loss: 0.105
Epoch id: 5, Training steps: 900, Avg loss: 0.111
Epoch id: 5, Training steps: 1000, Avg loss: 0.120
Epoch id: 5, Training steps: 1100, Avg loss: 0.088
Epoch id: 5, Training steps: 1200, Avg loss: 0.098
Epoch id: 5, Training steps: 1300, Avg loss: 0.100
Epoch id: 5, Training steps: 1400, Avg loss: 0.104
Epoch id: 5, Training steps: 1500, Avg loss: 0.099
Epoch id: 5, Training steps: 1600, Avg loss: 0.091
Epoch id: 5, Training steps: 1700, Avg loss: 0.105
Epoch id: 5, Training steps: 1800, Avg loss: 0.093
Epoch id: 5, Training steps: 1900, Avg loss: 0.100
Epoch id: 5, Training steps: 2000, Avg loss: 0.088
Epoch id: 5, Training steps: 2100, Avg loss: 0.096
Epoch id: 5, Training steps: 2200, Avg loss: 0.086
Epoch id: 5, Training steps: 2300, Avg loss: 0.086
Epoch id: 5, Training steps: 2400, Avg loss: 0.106
Epoch id: 5, Training steps: 2500, Avg loss: 0.086
Epoch id: 5, Training steps: 2600, Avg loss: 0.099
Epoch id: 5, Training steps: 2700, Avg loss: 0.099
Epoch id: 5, Training steps: 2800, Avg loss: 0.102
Epoch id: 5, Training steps: 2900, Avg loss: 0.104
Epoch id: 5, Training steps: 3000, Avg loss: 0.113
Epoch id: 5, Training steps: 3100, Avg loss: 0.100
Epoch id: 5, Training steps: 3200, Avg loss: 0.086
Epoch id: 5, Training steps: 3300, Avg loss: 0.092
Epoch id: 5, Training steps: 3400, Avg loss: 0.090
Epoch id: 5, Training steps: 3500, Avg loss: 0.098
Epoch id: 5, Training steps: 3600, Avg loss: 0.096
Epoch id: 5, Training steps: 3700, Avg loss: 0.090
Epoch id: 5, Training steps: 3800, Avg loss: 0.095
Epoch id: 5, Training steps: 3900, Avg loss: 0.091
Epoch id: 5, Training steps: 4000, Avg loss: 0.086
Epoch id: 5, Training steps: 4100, Avg loss: 0.089
Epoch id: 5, Training steps: 4200, Avg loss: 0.094
Epoch id: 5, Training steps: 4300, Avg loss: 0.078
Epoch id: 5, Training steps: 4400, Avg loss: 0.089
Epoch id: 5, Training steps: 4500, Avg loss: 0.084
Epoch id: 5, Training steps: 4600, Avg loss: 0.088
Epoch id: 5, Training steps: 4700, Avg loss: 0.081
Epoch id: 5, Training steps: 4800, Avg loss: 0.086
Epoch id: 5, Training steps: 4900, Avg loss: 0.083
Epoch id: 5, Training steps: 5000, Avg loss: 0.087
Epoch id: 5, Training steps: 5100, Avg loss: 0.089
Epoch id: 5, Training steps: 5200, Avg loss: 0.078
Epoch id: 5, Training steps: 5300, Avg loss: 0.081
Epoch id: 5, Training steps: 5400, Avg loss: 0.083
Epoch id: 5, Training steps: 5500, Avg loss: 0.078
Epoch id: 5, Training steps: 5600, Avg loss: 0.074
Epoch id: 5, Training steps: 5700, Avg loss: 0.087
Epoch id: 5, Training steps: 5800, Avg loss: 0.088
Epoch id: 5, Training steps: 5900, Avg loss: 0.071
Epoch id: 5, Training steps: 6000, Avg loss: 0.080
Epoch id: 5, Training steps: 6100, Avg loss: 0.081
Epoch id: 5, Training steps: 6200, Avg loss: 0.079
Epoch id: 5, Training steps: 6300, Avg loss: 0.072
Epoch id: 5, Training steps: 6400, Avg loss: 0.069
Epoch id: 5, Training steps: 6500, Avg loss: 0.081
Epoch id: 5, Training steps: 6600, Avg loss: 0.074
Epoch id: 5, Training steps: 6700, Avg loss: 0.060
Epoch id: 5, Training steps: 6800, Avg loss: 0.078
Epoch id: 5, Training steps: 6900, Avg loss: 0.087
Epoch id: 5, Training steps: 7000, Avg loss: 0.087
Epoch id: 5, Training steps: 7100, Avg loss: 0.080
Epoch id: 5, Training steps: 7200, Avg loss: 0.079
Epoch id: 5, Training steps: 7300, Avg loss: 0.080
Epoch id: 5, Training steps: 7400, Avg loss: 0.083
Epoch id: 5, Training steps: 7500, Avg loss: 0.072
Epoch id: 5, Training steps: 7600, Avg loss: 0.079
Epoch id: 5, Training steps: 7700, Avg loss: 0.088
Epoch id: 5, Training steps: 7800, Avg loss: 0.085
Epoch id: 5, Training steps: 7900, Avg loss: 0.057
Epoch id: 5, Training steps: 8000, Avg loss: 0.080
Epoch id: 5, Training steps: 8100, Avg loss: 0.079
Epoch id: 5, Training steps: 8200, Avg loss: 0.063
Epoch id: 5, Training steps: 8300, Avg loss: 0.071
Epoch id: 5, Training steps: 8400, Avg loss: 0.069
Epoch id: 5, Training steps: 8500, Avg loss: 0.071
Epoch id: 5, Training steps: 8600, Avg loss: 0.074
Epoch id: 5, Training steps: 8700, Avg loss: 0.061
Epoch id: 5, Training steps: 8800, Avg loss: 0.078
Epoch id: 5, Training steps: 8900, Avg loss: 0.064
Epoch id: 5, Training steps: 9000, Avg loss: 0.067
Epoch id: 5, Training steps: 9100, Avg loss: 0.080
Epoch id: 5, Training steps: 9200, Avg loss: 0.068
Epoch id: 5, Training steps: 9300, Avg loss: 0.080
Epoch id: 5, Training steps: 9400, Avg loss: 0.067
Epoch id: 5, Training steps: 9500, Avg loss: 0.068
Epoch id: 5, Training steps: 9600, Avg loss: 0.073
Epoch id: 5, Training steps: 9700, Avg loss: 0.063
Epoch id: 5, Training steps: 9800, Avg loss: 0.056
Epoch id: 5, Training steps: 9900, Avg loss: 0.063
Epoch id: 5, Training steps: 10000, Avg loss: 0.075
Epoch id: 5, Training steps: 10100, Avg loss: 0.069
Epoch id: 5, Training steps: 10200, Avg loss: 0.049
Epoch id: 5, Training steps: 10300, Avg loss: 0.070
Epoch id: 5, Training steps: 10400, Avg loss: 0.063
Epoch id: 5, Training steps: 10500, Avg loss: 0.060
Epoch id: 5, Training steps: 10600, Avg loss: 0.078
Epoch id: 5, Training steps: 10700, Avg loss: 0.062
Epoch id: 5, Training steps: 10800, Avg loss: 0.061
Epoch id: 5, Training steps: 10900, Avg loss: 0.073
Epoch id: 5, Training steps: 11000, Avg loss: 0.063
Epoch id: 5, Training steps: 11100, Avg loss: 0.053
Epoch id: 5, Training steps: 11200, Avg loss: 0.083
Epoch id: 5, Training steps: 11300, Avg loss: 0.060
Epoch id: 5, Training steps: 11400, Avg loss: 0.061
Epoch id: 5, Training steps: 11500, Avg loss: 0.067
Epoch id: 5, Training steps: 11600, Avg loss: 0.064
Epoch id: 5, Training steps: 11700, Avg loss: 0.061
Epoch id: 5, Training steps: 11800, Avg loss: 0.060
Epoch id: 5, Training steps: 11900, Avg loss: 0.055
Epoch id: 5, Training steps: 12000, Avg loss: 0.059
Epoch id: 5, Training steps: 12100, Avg loss: 0.076
Epoch id: 5, Training steps: 12200, Avg loss: 0.073
Epoch id: 5, Training steps: 12300, Avg loss: 0.075
Epoch id: 5, Training steps: 12400, Avg loss: 0.059
Epoch id: 5, Training steps: 12500, Avg loss: 0.077
Epoch id: 5, Training steps: 12600, Avg loss: 0.061
Epoch id: 5, Training steps: 12700, Avg loss: 0.058
Epoch id: 5, Training steps: 12800, Avg loss: 0.058
Epoch id: 5, Training steps: 12900, Avg loss: 0.056
Epoch id: 5, Training steps: 13000, Avg loss: 0.057
Epoch id: 5, Training steps: 13100, Avg loss: 0.053
Epoch id: 5, Training steps: 13200, Avg loss: 0.060
Epoch id: 5, Training steps: 13300, Avg loss: 0.058
Epoch id: 5, Training steps: 13400, Avg loss: 0.053
Epoch id: 5, Training steps: 13500, Avg loss: 0.056
Epoch id: 5, Training steps: 13600, Avg loss: 0.063
Epoch id: 5, Training steps: 13700, Avg loss: 0.057
Epoch id: 5, Training steps: 13800, Avg loss: 0.061
Epoch id: 5, Training steps: 13900, Avg loss: 0.057
Epoch id: 5, Training steps: 14000, Avg loss: 0.042
Epoch id: 5, Training steps: 14100, Avg loss: 0.058
Epoch id: 5, Training steps: 14200, Avg loss: 0.051
Epoch id: 5, Training steps: 14300, Avg loss: 0.055
Epoch id: 5, Training steps: 14400, Avg loss: 0.055
Epoch id: 5, Training steps: 14500, Avg loss: 0.051
Acc. (Correct/Total): 0.9560 (55614/58171) 
 50%|█████     | 5/10 [8:05:41<8:05:41, 5828.22s/it]Epoch id: 6, Training steps: 100, Avg loss: 0.068
Epoch id: 6, Training steps: 200, Avg loss: 0.047
Epoch id: 6, Training steps: 300, Avg loss: 0.066
Epoch id: 6, Training steps: 400, Avg loss: 0.057
Epoch id: 6, Training steps: 500, Avg loss: 0.048
Epoch id: 6, Training steps: 600, Avg loss: 0.055
Epoch id: 6, Training steps: 700, Avg loss: 0.061
Epoch id: 6, Training steps: 800, Avg loss: 0.058
Epoch id: 6, Training steps: 900, Avg loss: 0.058
Epoch id: 6, Training steps: 1000, Avg loss: 0.060
Epoch id: 6, Training steps: 1100, Avg loss: 0.046
Epoch id: 6, Training steps: 1200, Avg loss: 0.040
Epoch id: 6, Training steps: 1300, Avg loss: 0.046
Epoch id: 6, Training steps: 1400, Avg loss: 0.044
Epoch id: 6, Training steps: 1500, Avg loss: 0.055
Epoch id: 6, Training steps: 1600, Avg loss: 0.043
Epoch id: 6, Training steps: 1700, Avg loss: 0.049
Epoch id: 6, Training steps: 1800, Avg loss: 0.047
Epoch id: 6, Training steps: 1900, Avg loss: 0.048
Epoch id: 6, Training steps: 2000, Avg loss: 0.038
Epoch id: 6, Training steps: 2100, Avg loss: 0.047
Epoch id: 6, Training steps: 2200, Avg loss: 0.041
Epoch id: 6, Training steps: 2300, Avg loss: 0.048
Epoch id: 6, Training steps: 2400, Avg loss: 0.047
Epoch id: 6, Training steps: 2500, Avg loss: 0.055
Epoch id: 6, Training steps: 2600, Avg loss: 0.046
Epoch id: 6, Training steps: 2700, Avg loss: 0.042
Epoch id: 6, Training steps: 2800, Avg loss: 0.049
Epoch id: 6, Training steps: 2900, Avg loss: 0.052
Epoch id: 6, Training steps: 3000, Avg loss: 0.052
Epoch id: 6, Training steps: 3100, Avg loss: 0.044
Epoch id: 6, Training steps: 3200, Avg loss: 0.043
Epoch id: 6, Training steps: 3300, Avg loss: 0.055
Epoch id: 6, Training steps: 3400, Avg loss: 0.044
Epoch id: 6, Training steps: 3500, Avg loss: 0.058
Epoch id: 6, Training steps: 3600, Avg loss: 0.042
Epoch id: 6, Training steps: 3700, Avg loss: 0.049
Epoch id: 6, Training steps: 3800, Avg loss: 0.039
Epoch id: 6, Training steps: 3900, Avg loss: 0.047
Epoch id: 6, Training steps: 4000, Avg loss: 0.048
Epoch id: 6, Training steps: 4100, Avg loss: 0.049
Epoch id: 6, Training steps: 4200, Avg loss: 0.049
Epoch id: 6, Training steps: 4300, Avg loss: 0.038
Epoch id: 6, Training steps: 4400, Avg loss: 0.039
Epoch id: 6, Training steps: 4500, Avg loss: 0.043
Epoch id: 6, Training steps: 4600, Avg loss: 0.045
Epoch id: 6, Training steps: 4700, Avg loss: 0.035
Epoch id: 6, Training steps: 4800, Avg loss: 0.038
Epoch id: 6, Training steps: 4900, Avg loss: 0.050
Epoch id: 6, Training steps: 5000, Avg loss: 0.036
Epoch id: 6, Training steps: 5100, Avg loss: 0.042
Epoch id: 6, Training steps: 5200, Avg loss: 0.045
Epoch id: 6, Training steps: 5300, Avg loss: 0.039
Epoch id: 6, Training steps: 5400, Avg loss: 0.056
Epoch id: 6, Training steps: 5500, Avg loss: 0.037
Epoch id: 6, Training steps: 5600, Avg loss: 0.029
Epoch id: 6, Training steps: 5700, Avg loss: 0.048
Epoch id: 6, Training steps: 5800, Avg loss: 0.041
Epoch id: 6, Training steps: 5900, Avg loss: 0.039
Epoch id: 6, Training steps: 6000, Avg loss: 0.042
Epoch id: 6, Training steps: 6100, Avg loss: 0.045
Epoch id: 6, Training steps: 6200, Avg loss: 0.037
Epoch id: 6, Training steps: 6300, Avg loss: 0.034
Epoch id: 6, Training steps: 6400, Avg loss: 0.034
Epoch id: 6, Training steps: 6500, Avg loss: 0.040
Epoch id: 6, Training steps: 6600, Avg loss: 0.035
Epoch id: 6, Training steps: 6700, Avg loss: 0.027
Epoch id: 6, Training steps: 6800, Avg loss: 0.037
Epoch id: 6, Training steps: 6900, Avg loss: 0.035
Epoch id: 6, Training steps: 7000, Avg loss: 0.043
Epoch id: 6, Training steps: 7100, Avg loss: 0.039
Epoch id: 6, Training steps: 7200, Avg loss: 0.036
Epoch id: 6, Training steps: 7300, Avg loss: 0.032
Epoch id: 6, Training steps: 7400, Avg loss: 0.040
Epoch id: 6, Training steps: 7500, Avg loss: 0.038
Epoch id: 6, Training steps: 7600, Avg loss: 0.040
Epoch id: 6, Training steps: 7700, Avg loss: 0.036
Epoch id: 6, Training steps: 7800, Avg loss: 0.036
Epoch id: 6, Training steps: 7900, Avg loss: 0.037
Epoch id: 6, Training steps: 8000, Avg loss: 0.038
Epoch id: 6, Training steps: 8100, Avg loss: 0.036
Epoch id: 6, Training steps: 8200, Avg loss: 0.029
Epoch id: 6, Training steps: 8300, Avg loss: 0.033
Epoch id: 6, Training steps: 8400, Avg loss: 0.033
Epoch id: 6, Training steps: 8500, Avg loss: 0.031
Epoch id: 6, Training steps: 8600, Avg loss: 0.037
Epoch id: 6, Training steps: 8700, Avg loss: 0.032
Epoch id: 6, Training steps: 8800, Avg loss: 0.032
Epoch id: 6, Training steps: 8900, Avg loss: 0.030
Epoch id: 6, Training steps: 9000, Avg loss: 0.038
Epoch id: 6, Training steps: 9100, Avg loss: 0.034
Epoch id: 6, Training steps: 9200, Avg loss: 0.029
Epoch id: 6, Training steps: 9300, Avg loss: 0.042
Epoch id: 6, Training steps: 9400, Avg loss: 0.037
Epoch id: 6, Training steps: 9500, Avg loss: 0.030
Epoch id: 6, Training steps: 9600, Avg loss: 0.043
Epoch id: 6, Training steps: 9700, Avg loss: 0.031
Epoch id: 6, Training steps: 9800, Avg loss: 0.037
Epoch id: 6, Training steps: 9900, Avg loss: 0.033
Epoch id: 6, Training steps: 10000, Avg loss: 0.040
Epoch id: 6, Training steps: 10100, Avg loss: 0.030
Epoch id: 6, Training steps: 10200, Avg loss: 0.027
Epoch id: 6, Training steps: 10300, Avg loss: 0.032
Epoch id: 6, Training steps: 10400, Avg loss: 0.026
Epoch id: 6, Training steps: 10500, Avg loss: 0.034
Epoch id: 6, Training steps: 10600, Avg loss: 0.042
Epoch id: 6, Training steps: 10700, Avg loss: 0.025
Epoch id: 6, Training steps: 10800, Avg loss: 0.029
Epoch id: 6, Training steps: 10900, Avg loss: 0.034
Epoch id: 6, Training steps: 11000, Avg loss: 0.034
Epoch id: 6, Training steps: 11100, Avg loss: 0.026
Epoch id: 6, Training steps: 11200, Avg loss: 0.040
Epoch id: 6, Training steps: 11300, Avg loss: 0.028
Epoch id: 6, Training steps: 11400, Avg loss: 0.028
Epoch id: 6, Training steps: 11500, Avg loss: 0.023
Epoch id: 6, Training steps: 11600, Avg loss: 0.029
Epoch id: 6, Training steps: 11700, Avg loss: 0.042
Epoch id: 6, Training steps: 11800, Avg loss: 0.024
Epoch id: 6, Training steps: 11900, Avg loss: 0.029
Epoch id: 6, Training steps: 12000, Avg loss: 0.031
Epoch id: 6, Training steps: 12100, Avg loss: 0.037
Epoch id: 6, Training steps: 12200, Avg loss: 0.034
Epoch id: 6, Training steps: 12300, Avg loss: 0.035
Epoch id: 6, Training steps: 12400, Avg loss: 0.025
Epoch id: 6, Training steps: 12500, Avg loss: 0.047
Epoch id: 6, Training steps: 12600, Avg loss: 0.029
Epoch id: 6, Training steps: 12700, Avg loss: 0.024
Epoch id: 6, Training steps: 12800, Avg loss: 0.026
Epoch id: 6, Training steps: 12900, Avg loss: 0.030
Epoch id: 6, Training steps: 13000, Avg loss: 0.034
Epoch id: 6, Training steps: 13100, Avg loss: 0.030
Epoch id: 6, Training steps: 13200, Avg loss: 0.026
Epoch id: 6, Training steps: 13300, Avg loss: 0.034
Epoch id: 6, Training steps: 13400, Avg loss: 0.025
Epoch id: 6, Training steps: 13500, Avg loss: 0.028
Epoch id: 6, Training steps: 13600, Avg loss: 0.029
Epoch id: 6, Training steps: 13700, Avg loss: 0.030
Epoch id: 6, Training steps: 13800, Avg loss: 0.026
Epoch id: 6, Training steps: 13900, Avg loss: 0.028
Epoch id: 6, Training steps: 14000, Avg loss: 0.027
Epoch id: 6, Training steps: 14100, Avg loss: 0.027
Epoch id: 6, Training steps: 14200, Avg loss: 0.027
Epoch id: 6, Training steps: 14300, Avg loss: 0.019
Epoch id: 6, Training steps: 14400, Avg loss: 0.029
Epoch id: 6, Training steps: 14500, Avg loss: 0.027
Acc. (Correct/Total): 0.9583 (55745/58171) 
 60%|██████    | 6/10 [9:42:49<6:28:32, 5828.00s/it]Epoch id: 7, Training steps: 100, Avg loss: 0.044
Epoch id: 7, Training steps: 200, Avg loss: 0.028
Epoch id: 7, Training steps: 300, Avg loss: 0.027
Epoch id: 7, Training steps: 400, Avg loss: 0.029
Epoch id: 7, Training steps: 500, Avg loss: 0.028
Epoch id: 7, Training steps: 600, Avg loss: 0.034
Epoch id: 7, Training steps: 700, Avg loss: 0.038
Epoch id: 7, Training steps: 800, Avg loss: 0.031
Epoch id: 7, Training steps: 900, Avg loss: 0.030
Epoch id: 7, Training steps: 1000, Avg loss: 0.024
Epoch id: 7, Training steps: 1100, Avg loss: 0.020
Epoch id: 7, Training steps: 1200, Avg loss: 0.018
Epoch id: 7, Training steps: 1300, Avg loss: 0.026
Epoch id: 7, Training steps: 1400, Avg loss: 0.019
Epoch id: 7, Training steps: 1500, Avg loss: 0.022
Epoch id: 7, Training steps: 1600, Avg loss: 0.030
Epoch id: 7, Training steps: 1700, Avg loss: 0.029
Epoch id: 7, Training steps: 1800, Avg loss: 0.020
Epoch id: 7, Training steps: 1900, Avg loss: 0.025
Epoch id: 7, Training steps: 2000, Avg loss: 0.022
Epoch id: 7, Training steps: 2100, Avg loss: 0.020
Epoch id: 7, Training steps: 2200, Avg loss: 0.022
Epoch id: 7, Training steps: 2300, Avg loss: 0.028
Epoch id: 7, Training steps: 2400, Avg loss: 0.021
Epoch id: 7, Training steps: 2500, Avg loss: 0.022
Epoch id: 7, Training steps: 2600, Avg loss: 0.025
Epoch id: 7, Training steps: 2700, Avg loss: 0.024
Epoch id: 7, Training steps: 2800, Avg loss: 0.024
Epoch id: 7, Training steps: 2900, Avg loss: 0.022
Epoch id: 7, Training steps: 3000, Avg loss: 0.025
Epoch id: 7, Training steps: 3100, Avg loss: 0.023
Epoch id: 7, Training steps: 3200, Avg loss: 0.021
Epoch id: 7, Training steps: 3300, Avg loss: 0.020
Epoch id: 7, Training steps: 3400, Avg loss: 0.017
Epoch id: 7, Training steps: 3500, Avg loss: 0.019
Epoch id: 7, Training steps: 3600, Avg loss: 0.019
Epoch id: 7, Training steps: 3700, Avg loss: 0.018
Epoch id: 7, Training steps: 3800, Avg loss: 0.025
Epoch id: 7, Training steps: 3900, Avg loss: 0.021
Epoch id: 7, Training steps: 4000, Avg loss: 0.025
Epoch id: 7, Training steps: 4100, Avg loss: 0.020
Epoch id: 7, Training steps: 4200, Avg loss: 0.022
Epoch id: 7, Training steps: 4300, Avg loss: 0.020
Epoch id: 7, Training steps: 4400, Avg loss: 0.019
Epoch id: 7, Training steps: 4500, Avg loss: 0.017
Epoch id: 7, Training steps: 4600, Avg loss: 0.023
Epoch id: 7, Training steps: 4700, Avg loss: 0.015
Epoch id: 7, Training steps: 4800, Avg loss: 0.018
Epoch id: 7, Training steps: 4900, Avg loss: 0.022
Epoch id: 7, Training steps: 5000, Avg loss: 0.015
Epoch id: 7, Training steps: 5100, Avg loss: 0.023
Epoch id: 7, Training steps: 5200, Avg loss: 0.023
Epoch id: 7, Training steps: 5300, Avg loss: 0.022
Epoch id: 7, Training steps: 5400, Avg loss: 0.026
Epoch id: 7, Training steps: 5500, Avg loss: 0.018
Epoch id: 7, Training steps: 5600, Avg loss: 0.017
Epoch id: 7, Training steps: 5700, Avg loss: 0.024
Epoch id: 7, Training steps: 5800, Avg loss: 0.030
Epoch id: 7, Training steps: 5900, Avg loss: 0.018
Epoch id: 7, Training steps: 6000, Avg loss: 0.022
Epoch id: 7, Training steps: 6100, Avg loss: 0.019
Epoch id: 7, Training steps: 6200, Avg loss: 0.019
Epoch id: 7, Training steps: 6300, Avg loss: 0.016
Epoch id: 7, Training steps: 6400, Avg loss: 0.016
Epoch id: 7, Training steps: 6500, Avg loss: 0.020
Epoch id: 7, Training steps: 6600, Avg loss: 0.014
Epoch id: 7, Training steps: 6700, Avg loss: 0.014
Epoch id: 7, Training steps: 6800, Avg loss: 0.020
Epoch id: 7, Training steps: 6900, Avg loss: 0.017
Epoch id: 7, Training steps: 7000, Avg loss: 0.018
Epoch id: 7, Training steps: 7100, Avg loss: 0.018
Epoch id: 7, Training steps: 7200, Avg loss: 0.020
Epoch id: 7, Training steps: 7300, Avg loss: 0.021
Epoch id: 7, Training steps: 7400, Avg loss: 0.017
Epoch id: 7, Training steps: 7500, Avg loss: 0.023
Epoch id: 7, Training steps: 7600, Avg loss: 0.022
Epoch id: 7, Training steps: 7700, Avg loss: 0.018
Epoch id: 7, Training steps: 7800, Avg loss: 0.016
Epoch id: 7, Training steps: 7900, Avg loss: 0.021
Epoch id: 7, Training steps: 8000, Avg loss: 0.017
Epoch id: 7, Training steps: 8100, Avg loss: 0.022
Epoch id: 7, Training steps: 8200, Avg loss: 0.012
Epoch id: 7, Training steps: 8300, Avg loss: 0.016
Epoch id: 7, Training steps: 8400, Avg loss: 0.017
Epoch id: 7, Training steps: 8500, Avg loss: 0.016
Epoch id: 7, Training steps: 8600, Avg loss: 0.019
Epoch id: 7, Training steps: 8700, Avg loss: 0.016
Epoch id: 7, Training steps: 8800, Avg loss: 0.020
Epoch id: 7, Training steps: 8900, Avg loss: 0.019
Epoch id: 7, Training steps: 9000, Avg loss: 0.015
Epoch id: 7, Training steps: 9100, Avg loss: 0.020
Epoch id: 7, Training steps: 9200, Avg loss: 0.017
Epoch id: 7, Training steps: 9300, Avg loss: 0.022
Epoch id: 7, Training steps: 9400, Avg loss: 0.016
Epoch id: 7, Training steps: 9500, Avg loss: 0.012
Epoch id: 7, Training steps: 9600, Avg loss: 0.017
Epoch id: 7, Training steps: 9700, Avg loss: 0.017
Epoch id: 7, Training steps: 9800, Avg loss: 0.018
Epoch id: 7, Training steps: 9900, Avg loss: 0.014
Epoch id: 7, Training steps: 10000, Avg loss: 0.016
Epoch id: 7, Training steps: 10100, Avg loss: 0.016
Epoch id: 7, Training steps: 10200, Avg loss: 0.013
Epoch id: 7, Training steps: 10300, Avg loss: 0.016
Epoch id: 7, Training steps: 10400, Avg loss: 0.013
Epoch id: 7, Training steps: 10500, Avg loss: 0.013
Epoch id: 7, Training steps: 10600, Avg loss: 0.021
Epoch id: 7, Training steps: 10700, Avg loss: 0.016
Epoch id: 7, Training steps: 10800, Avg loss: 0.017
Epoch id: 7, Training steps: 10900, Avg loss: 0.019
Epoch id: 7, Training steps: 11000, Avg loss: 0.019
Epoch id: 7, Training steps: 11100, Avg loss: 0.011
Epoch id: 7, Training steps: 11200, Avg loss: 0.011
Epoch id: 7, Training steps: 11300, Avg loss: 0.013
Epoch id: 7, Training steps: 11400, Avg loss: 0.015
Epoch id: 7, Training steps: 11500, Avg loss: 0.018
Epoch id: 7, Training steps: 11600, Avg loss: 0.015
Epoch id: 7, Training steps: 11700, Avg loss: 0.015
Epoch id: 7, Training steps: 11800, Avg loss: 0.009
Epoch id: 7, Training steps: 11900, Avg loss: 0.011
Epoch id: 7, Training steps: 12000, Avg loss: 0.012
Epoch id: 7, Training steps: 12100, Avg loss: 0.019
Epoch id: 7, Training steps: 12200, Avg loss: 0.021
Epoch id: 7, Training steps: 12300, Avg loss: 0.021
Epoch id: 7, Training steps: 12400, Avg loss: 0.014
Epoch id: 7, Training steps: 12500, Avg loss: 0.015
Epoch id: 7, Training steps: 12600, Avg loss: 0.014
Epoch id: 7, Training steps: 12700, Avg loss: 0.017
Epoch id: 7, Training steps: 12800, Avg loss: 0.015
Epoch id: 7, Training steps: 12900, Avg loss: 0.015
Epoch id: 7, Training steps: 13000, Avg loss: 0.012
Epoch id: 7, Training steps: 13100, Avg loss: 0.013
Epoch id: 7, Training steps: 13200, Avg loss: 0.014
Epoch id: 7, Training steps: 13300, Avg loss: 0.017
Epoch id: 7, Training steps: 13400, Avg loss: 0.013
Epoch id: 7, Training steps: 13500, Avg loss: 0.009
Epoch id: 7, Training steps: 13600, Avg loss: 0.010
Epoch id: 7, Training steps: 13700, Avg loss: 0.010
Epoch id: 7, Training steps: 13800, Avg loss: 0.012
Epoch id: 7, Training steps: 13900, Avg loss: 0.011
Epoch id: 7, Training steps: 14000, Avg loss: 0.013
Epoch id: 7, Training steps: 14100, Avg loss: 0.013
Epoch id: 7, Training steps: 14200, Avg loss: 0.017
Epoch id: 7, Training steps: 14300, Avg loss: 0.011
Epoch id: 7, Training steps: 14400, Avg loss: 0.015
Epoch id: 7, Training steps: 14500, Avg loss: 0.009
Acc. (Correct/Total): 0.9631 (56025/58171) 
 70%|███████   | 7/10 [11:19:56<4:51:23, 5827.76s/it]Epoch id: 8, Training steps: 100, Avg loss: 0.017
Epoch id: 8, Training steps: 200, Avg loss: 0.009
Epoch id: 8, Training steps: 300, Avg loss: 0.012
Epoch id: 8, Training steps: 400, Avg loss: 0.009
Epoch id: 8, Training steps: 500, Avg loss: 0.012
Epoch id: 8, Training steps: 600, Avg loss: 0.011
Epoch id: 8, Training steps: 700, Avg loss: 0.017
Epoch id: 8, Training steps: 800, Avg loss: 0.015
Epoch id: 8, Training steps: 900, Avg loss: 0.019
Epoch id: 8, Training steps: 1000, Avg loss: 0.012
Epoch id: 8, Training steps: 1100, Avg loss: 0.009
Epoch id: 8, Training steps: 1200, Avg loss: 0.010
Epoch id: 8, Training steps: 1300, Avg loss: 0.013
Epoch id: 8, Training steps: 1400, Avg loss: 0.011
Epoch id: 8, Training steps: 1500, Avg loss: 0.015
Epoch id: 8, Training steps: 1600, Avg loss: 0.009
Epoch id: 8, Training steps: 1700, Avg loss: 0.013
Epoch id: 8, Training steps: 1800, Avg loss: 0.012
Epoch id: 8, Training steps: 1900, Avg loss: 0.010
Epoch id: 8, Training steps: 2000, Avg loss: 0.009
Epoch id: 8, Training steps: 2100, Avg loss: 0.010
Epoch id: 8, Training steps: 2200, Avg loss: 0.010
Epoch id: 8, Training steps: 2300, Avg loss: 0.015
Epoch id: 8, Training steps: 2400, Avg loss: 0.009
Epoch id: 8, Training steps: 2500, Avg loss: 0.011
Epoch id: 8, Training steps: 2600, Avg loss: 0.007
Epoch id: 8, Training steps: 2700, Avg loss: 0.010
Epoch id: 8, Training steps: 2800, Avg loss: 0.012
Epoch id: 8, Training steps: 2900, Avg loss: 0.012
Epoch id: 8, Training steps: 3000, Avg loss: 0.009
Epoch id: 8, Training steps: 3100, Avg loss: 0.008
Epoch id: 8, Training steps: 3200, Avg loss: 0.009
Epoch id: 8, Training steps: 3300, Avg loss: 0.010
Epoch id: 8, Training steps: 3400, Avg loss: 0.008
Epoch id: 8, Training steps: 3500, Avg loss: 0.007
Epoch id: 8, Training steps: 3600, Avg loss: 0.009
Epoch id: 8, Training steps: 3700, Avg loss: 0.012
Epoch id: 8, Training steps: 3800, Avg loss: 0.009
Epoch id: 8, Training steps: 3900, Avg loss: 0.010
Epoch id: 8, Training steps: 4000, Avg loss: 0.015
Epoch id: 8, Training steps: 4100, Avg loss: 0.018
Epoch id: 8, Training steps: 4200, Avg loss: 0.010
Epoch id: 8, Training steps: 4300, Avg loss: 0.008
Epoch id: 8, Training steps: 4400, Avg loss: 0.015
Epoch id: 8, Training steps: 4500, Avg loss: 0.007
Epoch id: 8, Training steps: 4600, Avg loss: 0.007
Epoch id: 8, Training steps: 4700, Avg loss: 0.007
Epoch id: 8, Training steps: 4800, Avg loss: 0.007
Epoch id: 8, Training steps: 4900, Avg loss: 0.012
Epoch id: 8, Training steps: 5000, Avg loss: 0.010
Epoch id: 8, Training steps: 5100, Avg loss: 0.011
Epoch id: 8, Training steps: 5200, Avg loss: 0.008
Epoch id: 8, Training steps: 5300, Avg loss: 0.013
Epoch id: 8, Training steps: 5400, Avg loss: 0.013
Epoch id: 8, Training steps: 5500, Avg loss: 0.010
Epoch id: 8, Training steps: 5600, Avg loss: 0.008
Epoch id: 8, Training steps: 5700, Avg loss: 0.010
Epoch id: 8, Training steps: 5800, Avg loss: 0.010
Epoch id: 8, Training steps: 5900, Avg loss: 0.007
Epoch id: 8, Training steps: 6000, Avg loss: 0.007
Epoch id: 8, Training steps: 6100, Avg loss: 0.008
Epoch id: 8, Training steps: 6200, Avg loss: 0.007
Epoch id: 8, Training steps: 6300, Avg loss: 0.005
Epoch id: 8, Training steps: 6400, Avg loss: 0.009
Epoch id: 8, Training steps: 6500, Avg loss: 0.010
Epoch id: 8, Training steps: 6600, Avg loss: 0.009
Epoch id: 8, Training steps: 6700, Avg loss: 0.004
Epoch id: 8, Training steps: 6800, Avg loss: 0.010
Epoch id: 8, Training steps: 6900, Avg loss: 0.015
Epoch id: 8, Training steps: 7000, Avg loss: 0.011
Epoch id: 8, Training steps: 7100, Avg loss: 0.008
Epoch id: 8, Training steps: 7200, Avg loss: 0.012
Epoch id: 8, Training steps: 7300, Avg loss: 0.009
Epoch id: 8, Training steps: 7400, Avg loss: 0.007
Epoch id: 8, Training steps: 7500, Avg loss: 0.006
Epoch id: 8, Training steps: 7600, Avg loss: 0.008
Epoch id: 8, Training steps: 7700, Avg loss: 0.008
Epoch id: 8, Training steps: 7800, Avg loss: 0.006
Epoch id: 8, Training steps: 7900, Avg loss: 0.005
Epoch id: 8, Training steps: 8000, Avg loss: 0.009
Epoch id: 8, Training steps: 8100, Avg loss: 0.006
Epoch id: 8, Training steps: 8200, Avg loss: 0.007
Epoch id: 8, Training steps: 8300, Avg loss: 0.009
Epoch id: 8, Training steps: 8400, Avg loss: 0.011
Epoch id: 8, Training steps: 8500, Avg loss: 0.007
Epoch id: 8, Training steps: 8600, Avg loss: 0.009
Epoch id: 8, Training steps: 8700, Avg loss: 0.008
Epoch id: 8, Training steps: 8800, Avg loss: 0.007
Epoch id: 8, Training steps: 8900, Avg loss: 0.008
Epoch id: 8, Training steps: 9000, Avg loss: 0.006
Epoch id: 8, Training steps: 9100, Avg loss: 0.013
Epoch id: 8, Training steps: 9200, Avg loss: 0.005
Epoch id: 8, Training steps: 9300, Avg loss: 0.007
Epoch id: 8, Training steps: 9400, Avg loss: 0.007
Epoch id: 8, Training steps: 9500, Avg loss: 0.005
Epoch id: 8, Training steps: 9600, Avg loss: 0.006
Epoch id: 8, Training steps: 9700, Avg loss: 0.008
Epoch id: 8, Training steps: 9800, Avg loss: 0.006
Epoch id: 8, Training steps: 9900, Avg loss: 0.012
Epoch id: 8, Training steps: 10000, Avg loss: 0.008
Epoch id: 8, Training steps: 10100, Avg loss: 0.005
Epoch id: 8, Training steps: 10200, Avg loss: 0.004
Epoch id: 8, Training steps: 10300, Avg loss: 0.005
Epoch id: 8, Training steps: 10400, Avg loss: 0.005
Epoch id: 8, Training steps: 10500, Avg loss: 0.007
Epoch id: 8, Training steps: 10600, Avg loss: 0.004
Epoch id: 8, Training steps: 10700, Avg loss: 0.008
Epoch id: 8, Training steps: 10800, Avg loss: 0.007
Epoch id: 8, Training steps: 10900, Avg loss: 0.007
Epoch id: 8, Training steps: 11000, Avg loss: 0.010
Epoch id: 8, Training steps: 11100, Avg loss: 0.007
Epoch id: 8, Training steps: 11200, Avg loss: 0.006
Epoch id: 8, Training steps: 11300, Avg loss: 0.006
Epoch id: 8, Training steps: 11400, Avg loss: 0.007
Epoch id: 8, Training steps: 11500, Avg loss: 0.006
Epoch id: 8, Training steps: 11600, Avg loss: 0.008
Epoch id: 8, Training steps: 11700, Avg loss: 0.005
Epoch id: 8, Training steps: 11800, Avg loss: 0.006
Epoch id: 8, Training steps: 11900, Avg loss: 0.006
Epoch id: 8, Training steps: 12000, Avg loss: 0.006
Epoch id: 8, Training steps: 12100, Avg loss: 0.005
Epoch id: 8, Training steps: 12200, Avg loss: 0.009
Epoch id: 8, Training steps: 12300, Avg loss: 0.005
Epoch id: 8, Training steps: 12400, Avg loss: 0.005
Epoch id: 8, Training steps: 12500, Avg loss: 0.008
Epoch id: 8, Training steps: 12600, Avg loss: 0.008
Epoch id: 8, Training steps: 12700, Avg loss: 0.005
Epoch id: 8, Training steps: 12800, Avg loss: 0.005
Epoch id: 8, Training steps: 12900, Avg loss: 0.006
Epoch id: 8, Training steps: 13000, Avg loss: 0.007
Epoch id: 8, Training steps: 13100, Avg loss: 0.006
Epoch id: 8, Training steps: 13200, Avg loss: 0.005
Epoch id: 8, Training steps: 13300, Avg loss: 0.004
Epoch id: 8, Training steps: 13400, Avg loss: 0.006
Epoch id: 8, Training steps: 13500, Avg loss: 0.006
Epoch id: 8, Training steps: 13600, Avg loss: 0.005
Epoch id: 8, Training steps: 13700, Avg loss: 0.007
Epoch id: 8, Training steps: 13800, Avg loss: 0.006
Epoch id: 8, Training steps: 13900, Avg loss: 0.006
Epoch id: 8, Training steps: 14000, Avg loss: 0.005
Epoch id: 8, Training steps: 14100, Avg loss: 0.005
Epoch id: 8, Training steps: 14200, Avg loss: 0.007
Epoch id: 8, Training steps: 14300, Avg loss: 0.008
Epoch id: 8, Training steps: 14400, Avg loss: 0.009
Epoch id: 8, Training steps: 14500, Avg loss: 0.006
Acc. (Correct/Total): 0.9654 (56157/58171) 
 80%|████████  | 8/10 [12:57:04<3:14:15, 5827.89s/it]Epoch id: 9, Training steps: 100, Avg loss: 0.005
Epoch id: 9, Training steps: 200, Avg loss: 0.008
Epoch id: 9, Training steps: 300, Avg loss: 0.003
Epoch id: 9, Training steps: 400, Avg loss: 0.004
Epoch id: 9, Training steps: 500, Avg loss: 0.005
Epoch id: 9, Training steps: 600, Avg loss: 0.005
Epoch id: 9, Training steps: 700, Avg loss: 0.006
Epoch id: 9, Training steps: 800, Avg loss: 0.007
Epoch id: 9, Training steps: 900, Avg loss: 0.005
Epoch id: 9, Training steps: 1000, Avg loss: 0.005
Epoch id: 9, Training steps: 1100, Avg loss: 0.005
Epoch id: 9, Training steps: 1200, Avg loss: 0.005
Epoch id: 9, Training steps: 1300, Avg loss: 0.007
Epoch id: 9, Training steps: 1400, Avg loss: 0.008
Epoch id: 9, Training steps: 1500, Avg loss: 0.005
Epoch id: 9, Training steps: 1600, Avg loss: 0.005
Epoch id: 9, Training steps: 1700, Avg loss: 0.007
Epoch id: 9, Training steps: 1800, Avg loss: 0.007
Epoch id: 9, Training steps: 1900, Avg loss: 0.008
Epoch id: 9, Training steps: 2000, Avg loss: 0.004
Epoch id: 9, Training steps: 2100, Avg loss: 0.003
Epoch id: 9, Training steps: 2200, Avg loss: 0.003
Epoch id: 9, Training steps: 2300, Avg loss: 0.005
Epoch id: 9, Training steps: 2400, Avg loss: 0.011
Epoch id: 9, Training steps: 2500, Avg loss: 0.004
Epoch id: 9, Training steps: 2600, Avg loss: 0.007
Epoch id: 9, Training steps: 2700, Avg loss: 0.009
Epoch id: 9, Training steps: 2800, Avg loss: 0.005
Epoch id: 9, Training steps: 2900, Avg loss: 0.004
Epoch id: 9, Training steps: 3000, Avg loss: 0.005
Epoch id: 9, Training steps: 3100, Avg loss: 0.005
Epoch id: 9, Training steps: 3200, Avg loss: 0.004
Epoch id: 9, Training steps: 3300, Avg loss: 0.003
Epoch id: 9, Training steps: 3400, Avg loss: 0.003
Epoch id: 9, Training steps: 3500, Avg loss: 0.003
Epoch id: 9, Training steps: 3600, Avg loss: 0.003
Epoch id: 9, Training steps: 3700, Avg loss: 0.005
Epoch id: 9, Training steps: 3800, Avg loss: 0.004
Epoch id: 9, Training steps: 3900, Avg loss: 0.004
Epoch id: 9, Training steps: 4000, Avg loss: 0.006
Epoch id: 9, Training steps: 4100, Avg loss: 0.003
Epoch id: 9, Training steps: 4200, Avg loss: 0.004
Epoch id: 9, Training steps: 4300, Avg loss: 0.006
Epoch id: 9, Training steps: 4400, Avg loss: 0.005
Epoch id: 9, Training steps: 4500, Avg loss: 0.002
Epoch id: 9, Training steps: 4600, Avg loss: 0.006
Epoch id: 9, Training steps: 4700, Avg loss: 0.002
Epoch id: 9, Training steps: 4800, Avg loss: 0.004
Epoch id: 9, Training steps: 4900, Avg loss: 0.005
Epoch id: 9, Training steps: 5000, Avg loss: 0.003
Epoch id: 9, Training steps: 5100, Avg loss: 0.004
Epoch id: 9, Training steps: 5200, Avg loss: 0.004
Epoch id: 9, Training steps: 5300, Avg loss: 0.005
Epoch id: 9, Training steps: 5400, Avg loss: 0.006
Epoch id: 9, Training steps: 5500, Avg loss: 0.004
Epoch id: 9, Training steps: 5600, Avg loss: 0.003
Epoch id: 9, Training steps: 5700, Avg loss: 0.006
Epoch id: 9, Training steps: 5800, Avg loss: 0.003
Epoch id: 9, Training steps: 5900, Avg loss: 0.003
Epoch id: 9, Training steps: 6000, Avg loss: 0.003
Epoch id: 9, Training steps: 6100, Avg loss: 0.004
Epoch id: 9, Training steps: 6200, Avg loss: 0.001
Epoch id: 9, Training steps: 6300, Avg loss: 0.003
Epoch id: 9, Training steps: 6400, Avg loss: 0.002
Epoch id: 9, Training steps: 6500, Avg loss: 0.005
Epoch id: 9, Training steps: 6600, Avg loss: 0.002
Epoch id: 9, Training steps: 6700, Avg loss: 0.002
Epoch id: 9, Training steps: 6800, Avg loss: 0.003
Epoch id: 9, Training steps: 6900, Avg loss: 0.004
Epoch id: 9, Training steps: 7000, Avg loss: 0.005
Epoch id: 9, Training steps: 7100, Avg loss: 0.007
Epoch id: 9, Training steps: 7200, Avg loss: 0.004
Epoch id: 9, Training steps: 7300, Avg loss: 0.003
Epoch id: 9, Training steps: 7400, Avg loss: 0.003
Epoch id: 9, Training steps: 7500, Avg loss: 0.002
Epoch id: 9, Training steps: 7600, Avg loss: 0.002
Epoch id: 9, Training steps: 7700, Avg loss: 0.005
Epoch id: 9, Training steps: 7800, Avg loss: 0.006
Epoch id: 9, Training steps: 7900, Avg loss: 0.004
Epoch id: 9, Training steps: 8000, Avg loss: 0.004
Epoch id: 9, Training steps: 8100, Avg loss: 0.002
Epoch id: 9, Training steps: 8200, Avg loss: 0.004
Epoch id: 9, Training steps: 8300, Avg loss: 0.003
Epoch id: 9, Training steps: 8400, Avg loss: 0.002
Epoch id: 9, Training steps: 8500, Avg loss: 0.004
Epoch id: 9, Training steps: 8600, Avg loss: 0.003
Epoch id: 9, Training steps: 8700, Avg loss: 0.004
Epoch id: 9, Training steps: 8800, Avg loss: 0.002
Epoch id: 9, Training steps: 8900, Avg loss: 0.002
Epoch id: 9, Training steps: 9000, Avg loss: 0.004
Epoch id: 9, Training steps: 9100, Avg loss: 0.003
Epoch id: 9, Training steps: 9200, Avg loss: 0.003
Epoch id: 9, Training steps: 9300, Avg loss: 0.005
Epoch id: 9, Training steps: 9400, Avg loss: 0.005
Epoch id: 9, Training steps: 9500, Avg loss: 0.003
Epoch id: 9, Training steps: 9600, Avg loss: 0.003
Epoch id: 9, Training steps: 9700, Avg loss: 0.003
Epoch id: 9, Training steps: 9800, Avg loss: 0.002
Epoch id: 9, Training steps: 9900, Avg loss: 0.003
Epoch id: 9, Training steps: 10000, Avg loss: 0.003
Epoch id: 9, Training steps: 10100, Avg loss: 0.004
Epoch id: 9, Training steps: 10200, Avg loss: 0.003
Epoch id: 9, Training steps: 10300, Avg loss: 0.002
Epoch id: 9, Training steps: 10400, Avg loss: 0.001
Epoch id: 9, Training steps: 10500, Avg loss: 0.004
Epoch id: 9, Training steps: 10600, Avg loss: 0.003
Epoch id: 9, Training steps: 10700, Avg loss: 0.001
Epoch id: 9, Training steps: 10800, Avg loss: 0.003
Epoch id: 9, Training steps: 10900, Avg loss: 0.002
Epoch id: 9, Training steps: 11000, Avg loss: 0.003
Epoch id: 9, Training steps: 11100, Avg loss: 0.002
Epoch id: 9, Training steps: 11200, Avg loss: 0.003
Epoch id: 9, Training steps: 11300, Avg loss: 0.002
Epoch id: 9, Training steps: 11400, Avg loss: 0.003
Epoch id: 9, Training steps: 11500, Avg loss: 0.002
Epoch id: 9, Training steps: 11600, Avg loss: 0.002
Epoch id: 9, Training steps: 11700, Avg loss: 0.003
Epoch id: 9, Training steps: 11800, Avg loss: 0.003
Epoch id: 9, Training steps: 11900, Avg loss: 0.003
Epoch id: 9, Training steps: 12000, Avg loss: 0.003
Epoch id: 9, Training steps: 12100, Avg loss: 0.002
Epoch id: 9, Training steps: 12200, Avg loss: 0.003
Epoch id: 9, Training steps: 12300, Avg loss: 0.003
Epoch id: 9, Training steps: 12400, Avg loss: 0.002
Epoch id: 9, Training steps: 12500, Avg loss: 0.002
Epoch id: 9, Training steps: 12600, Avg loss: 0.002
Epoch id: 9, Training steps: 12700, Avg loss: 0.005
Epoch id: 9, Training steps: 12800, Avg loss: 0.002
Epoch id: 9, Training steps: 12900, Avg loss: 0.002
Epoch id: 9, Training steps: 13000, Avg loss: 0.003
Epoch id: 9, Training steps: 13100, Avg loss: 0.003
Epoch id: 9, Training steps: 13200, Avg loss: 0.002
Epoch id: 9, Training steps: 13300, Avg loss: 0.001
Epoch id: 9, Training steps: 13400, Avg loss: 0.003
Epoch id: 9, Training steps: 13500, Avg loss: 0.001
Epoch id: 9, Training steps: 13600, Avg loss: 0.003
Epoch id: 9, Training steps: 13700, Avg loss: 0.002
Epoch id: 9, Training steps: 13800, Avg loss: 0.003
Epoch id: 9, Training steps: 13900, Avg loss: 0.003
Epoch id: 9, Training steps: 14000, Avg loss: 0.002
Epoch id: 9, Training steps: 14100, Avg loss: 0.002
Epoch id: 9, Training steps: 14200, Avg loss: 0.001
Epoch id: 9, Training steps: 14300, Avg loss: 0.002
Epoch id: 9, Training steps: 14400, Avg loss: 0.002
Epoch id: 9, Training steps: 14500, Avg loss: 0.002
Acc. (Correct/Total): 0.9670 (56250/58171) 
 90%|█████████ | 9/10 [14:35:02<1:37:23, 5843.27s/it]Epoch id: 10, Training steps: 100, Avg loss: 0.003
Epoch id: 10, Training steps: 200, Avg loss: 0.003
Epoch id: 10, Training steps: 300, Avg loss: 0.003
Epoch id: 10, Training steps: 400, Avg loss: 0.004
Epoch id: 10, Training steps: 500, Avg loss: 0.002
Epoch id: 10, Training steps: 600, Avg loss: 0.002
Epoch id: 10, Training steps: 700, Avg loss: 0.003
Epoch id: 10, Training steps: 800, Avg loss: 0.002
Epoch id: 10, Training steps: 900, Avg loss: 0.001
Epoch id: 10, Training steps: 1000, Avg loss: 0.001
Epoch id: 10, Training steps: 1100, Avg loss: 0.002
Epoch id: 10, Training steps: 1200, Avg loss: 0.004
Epoch id: 10, Training steps: 1300, Avg loss: 0.002
Epoch id: 10, Training steps: 1400, Avg loss: 0.002
Epoch id: 10, Training steps: 1500, Avg loss: 0.002
Epoch id: 10, Training steps: 1600, Avg loss: 0.002
Epoch id: 10, Training steps: 1700, Avg loss: 0.003
Epoch id: 10, Training steps: 1800, Avg loss: 0.002
Epoch id: 10, Training steps: 1900, Avg loss: 0.003
Epoch id: 10, Training steps: 2000, Avg loss: 0.002
Epoch id: 10, Training steps: 2100, Avg loss: 0.003
Epoch id: 10, Training steps: 2200, Avg loss: 0.002
Epoch id: 10, Training steps: 2300, Avg loss: 0.001
Epoch id: 10, Training steps: 2400, Avg loss: 0.002
Epoch id: 10, Training steps: 2500, Avg loss: 0.002
Epoch id: 10, Training steps: 2600, Avg loss: 0.001
Epoch id: 10, Training steps: 2700, Avg loss: 0.002
Epoch id: 10, Training steps: 2800, Avg loss: 0.002
Epoch id: 10, Training steps: 2900, Avg loss: 0.001
Epoch id: 10, Training steps: 3000, Avg loss: 0.003
Epoch id: 10, Training steps: 3100, Avg loss: 0.003
Epoch id: 10, Training steps: 3200, Avg loss: 0.002
Epoch id: 10, Training steps: 3300, Avg loss: 0.002
Epoch id: 10, Training steps: 3400, Avg loss: 0.001
Epoch id: 10, Training steps: 3500, Avg loss: 0.003
Epoch id: 10, Training steps: 3600, Avg loss: 0.001
Epoch id: 10, Training steps: 3700, Avg loss: 0.001
Epoch id: 10, Training steps: 3800, Avg loss: 0.001
Epoch id: 10, Training steps: 3900, Avg loss: 0.001
Epoch id: 10, Training steps: 4000, Avg loss: 0.003
Epoch id: 10, Training steps: 4100, Avg loss: 0.001
Epoch id: 10, Training steps: 4200, Avg loss: 0.001
Epoch id: 10, Training steps: 4300, Avg loss: 0.002
Epoch id: 10, Training steps: 4400, Avg loss: 0.001
Epoch id: 10, Training steps: 4500, Avg loss: 0.001
Epoch id: 10, Training steps: 4600, Avg loss: 0.001
Epoch id: 10, Training steps: 4700, Avg loss: 0.002
Epoch id: 10, Training steps: 4800, Avg loss: 0.001
Epoch id: 10, Training steps: 4900, Avg loss: 0.001
Epoch id: 10, Training steps: 5000, Avg loss: 0.001
Epoch id: 10, Training steps: 5100, Avg loss: 0.001
Epoch id: 10, Training steps: 5200, Avg loss: 0.001
Epoch id: 10, Training steps: 5300, Avg loss: 0.002
Epoch id: 10, Training steps: 5400, Avg loss: 0.002
Epoch id: 10, Training steps: 5500, Avg loss: 0.001
Epoch id: 10, Training steps: 5600, Avg loss: 0.002
Epoch id: 10, Training steps: 5700, Avg loss: 0.003
Epoch id: 10, Training steps: 5800, Avg loss: 0.003
Epoch id: 10, Training steps: 5900, Avg loss: 0.001
Epoch id: 10, Training steps: 6000, Avg loss: 0.002
Epoch id: 10, Training steps: 6100, Avg loss: 0.002
Epoch id: 10, Training steps: 6200, Avg loss: 0.001
Epoch id: 10, Training steps: 6300, Avg loss: 0.002
Epoch id: 10, Training steps: 6400, Avg loss: 0.001
Epoch id: 10, Training steps: 6500, Avg loss: 0.001
Epoch id: 10, Training steps: 6600, Avg loss: 0.002
Epoch id: 10, Training steps: 6700, Avg loss: 0.001
Epoch id: 10, Training steps: 6800, Avg loss: 0.002
Epoch id: 10, Training steps: 6900, Avg loss: 0.001
Epoch id: 10, Training steps: 7000, Avg loss: 0.002
Epoch id: 10, Training steps: 7100, Avg loss: 0.001
Epoch id: 10, Training steps: 7200, Avg loss: 0.001
Epoch id: 10, Training steps: 7300, Avg loss: 0.002
Epoch id: 10, Training steps: 7400, Avg loss: 0.002
Epoch id: 10, Training steps: 7500, Avg loss: 0.001
Epoch id: 10, Training steps: 7600, Avg loss: 0.001
Epoch id: 10, Training steps: 7700, Avg loss: 0.003
Epoch id: 10, Training steps: 7800, Avg loss: 0.001
Epoch id: 10, Training steps: 7900, Avg loss: 0.002
Epoch id: 10, Training steps: 8000, Avg loss: 0.001
Epoch id: 10, Training steps: 8100, Avg loss: 0.002
Epoch id: 10, Training steps: 8200, Avg loss: 0.001
Epoch id: 10, Training steps: 8300, Avg loss: 0.001
Epoch id: 10, Training steps: 8400, Avg loss: 0.001
Epoch id: 10, Training steps: 8500, Avg loss: 0.001
Epoch id: 10, Training steps: 8600, Avg loss: 0.002
Epoch id: 10, Training steps: 8700, Avg loss: 0.001
Epoch id: 10, Training steps: 8800, Avg loss: 0.001
Epoch id: 10, Training steps: 8900, Avg loss: 0.001
Epoch id: 10, Training steps: 9000, Avg loss: 0.001
Epoch id: 10, Training steps: 9100, Avg loss: 0.001
Epoch id: 10, Training steps: 9200, Avg loss: 0.002
Epoch id: 10, Training steps: 9300, Avg loss: 0.002
Epoch id: 10, Training steps: 9400, Avg loss: 0.002
Epoch id: 10, Training steps: 9500, Avg loss: 0.001
Epoch id: 10, Training steps: 9600, Avg loss: 0.002
Epoch id: 10, Training steps: 9700, Avg loss: 0.001
Epoch id: 10, Training steps: 9800, Avg loss: 0.001
Epoch id: 10, Training steps: 9900, Avg loss: 0.001
Epoch id: 10, Training steps: 10000, Avg loss: 0.002
Epoch id: 10, Training steps: 10100, Avg loss: 0.001
Epoch id: 10, Training steps: 10200, Avg loss: 0.001
Epoch id: 10, Training steps: 10300, Avg loss: 0.001
Epoch id: 10, Training steps: 10400, Avg loss: 0.001
Epoch id: 10, Training steps: 10500, Avg loss: 0.002
Epoch id: 10, Training steps: 10600, Avg loss: 0.002
Epoch id: 10, Training steps: 10700, Avg loss: 0.001
Epoch id: 10, Training steps: 10800, Avg loss: 0.002
Epoch id: 10, Training steps: 10900, Avg loss: 0.001
Epoch id: 10, Training steps: 11000, Avg loss: 0.001
